Build started 5/24/2016 7:19:43 PM.
     1>Project "C:\Users\Abraham\documents\visual studio 2013\Projects\BlackJack\BlackJack.vcxproj" on node 2 (Build target(s)).
     1>ClCompile:
         C:\Program Files (x86)\Microsoft Visual Studio 12.0\VC\bin\CL.exe /c /ZI /nologo /W3 /WX- /Od /Oy- /D WIN32 /D _DEBUG /D _CONSOLE /D _LIB /D _UNICODE /D UNICODE /Gm /EHsc /RTC1 /MDd /GS /fp:precise /Zc:wchar_t /Zc:forScope /Fo"Debug\\" /Fd"Debug\vc120.pdb" /Gd /TP /analyze- /errorReport:prompt BlackJack.cpp
         BlackJack.cpp
     1>c:\users\abraham\documents\visual studio 2013\projects\blackjack\blackjack.cpp(6): warning C4081: expected 'newline'; found ';'
     1>c:\users\abraham\documents\visual studio 2013\projects\blackjack\blackjack.cpp(84): warning C4018: '<' : signed/unsigned mismatch
     1>c:\users\abraham\documents\visual studio 2013\projects\blackjack\blackjack.cpp(90): warning C4018: '<' : signed/unsigned mismatch
     1>c:\users\abraham\documents\visual studio 2013\projects\blackjack\blackjack.cpp(99): warning C4305: 'initializing' : truncation from 'int' to 'char'
     1>c:\users\abraham\documents\visual studio 2013\projects\blackjack\blackjack.cpp(99): warning C4309: 'initializing' : truncation of constant value
     1>c:\users\abraham\documents\visual studio 2013\projects\blackjack\blackjack.cpp(114): warning C4018: '<' : signed/unsigned mismatch
     1>c:\users\abraham\documents\visual studio 2013\projects\blackjack\blackjack.cpp(120): warning C4018: '<' : signed/unsigned mismatch
     1>c:\users\abraham\documents\visual studio 2013\projects\blackjack\blackjack.cpp(150): warning C4018: '<' : signed/unsigned mismatch
     1>c:\users\abraham\documents\visual studio 2013\projects\blackjack\blackjack.cpp(170): warning C4018: '<' : signed/unsigned mismatch
     1>c:\users\abraham\documents\visual studio 2013\projects\blackjack\blackjack.cpp(176): warning C4018: '<' : signed/unsigned mismatch
     1>c:\users\abraham\documents\visual studio 2013\projects\blackjack\blackjack.cpp(180): warning C4305: 'initializing' : truncation from 'int' to 'char'
     1>c:\users\abraham\documents\visual studio 2013\projects\blackjack\blackjack.cpp(180): warning C4309: 'initializing' : truncation of constant value
     1>c:\users\abraham\documents\visual studio 2013\projects\blackjack\blackjack.cpp(203): warning C4018: '<' : signed/unsigned mismatch
     1>c:\users\abraham\documents\visual studio 2013\projects\blackjack\blackjack.cpp(209): warning C4018: '<' : signed/unsigned mismatch
     1>c:\users\abraham\documents\visual studio 2013\projects\blackjack\blackjack.cpp(213): warning C4305: 'initializing' : truncation from 'int' to 'char'
     1>c:\users\abraham\documents\visual studio 2013\projects\blackjack\blackjack.cpp(213): warning C4309: 'initializing' : truncation of constant value
     1>c:\users\abraham\documents\visual studio 2013\projects\blackjack\blackjack.cpp(268): warning C4996: 'inet_addr': Use inet_pton() or InetPton() instead or define _WINSOCK_DEPRECATED_NO_WARNINGS to disable deprecated API warnings
                 c:\program files (x86)\windows kits\8.1\include\um\winsock2.h(1850) : see declaration of 'inet_addr'
     1>c:\users\abraham\documents\visual studio 2013\projects\blackjack\blackjack.cpp(299): warning C4996: 'inet_addr': Use inet_pton() or InetPton() instead or define _WINSOCK_DEPRECATED_NO_WARNINGS to disable deprecated API warnings
                 c:\program files (x86)\windows kits\8.1\include\um\winsock2.h(1850) : see declaration of 'inet_addr'
       Link:
         C:\Program Files (x86)\Microsoft Visual Studio 12.0\VC\bin\link.exe /ERRORREPORT:PROMPT /OUT:"C:\Users\Abraham\documents\visual studio 2013\Projects\BlackJack\Debug\BlackJack.exe" /INCREMENTAL /NOLOGO kernel32.lib user32.lib gdi32.lib winspool.lib comdlg32.lib advapi32.lib shell32.lib ole32.lib oleaut32.lib uuid.lib odbc32.lib odbccp32.lib /MANIFEST /MANIFESTUAC:"level='asInvoker' uiAccess='false'" /manifest:embed /DEBUG /PDB:"C:\Users\Abraham\documents\visual studio 2013\Projects\BlackJack\Debug\BlackJack.pdb" /SUBSYSTEM:CONSOLE /TLBID:1 /DYNAMICBASE /NXCOMPAT /IMPLIB:"C:\Users\Abraham\documents\visual studio 2013\Projects\BlackJack\Debug\BlackJack.lib" /MACHINE:X86 Debug\BlackJack.obj
         Debug\Card.obj
         Debug\Deck.obj
         Debug\PlayingField.obj
         BlackJack.vcxproj -> C:\Users\Abraham\documents\visual studio 2013\Projects\BlackJack\Debug\BlackJack.exe
     1>Done Building Project "C:\Users\Abraham\documents\visual studio 2013\Projects\BlackJack\BlackJack.vcxproj" (Build target(s)).

Build succeeded.

Time Elapsed 00:00:01.77
